emd_cuda.cu: In function ‘int emd_cuda_forward(at::Tensor, at::Tensor, at::Tensor, at::Tensor, at::Tensor, at::Tensor, at::Tensor, at::Tensor, at::Tensor, at::Tensor, at::Tensor, at::Tensor, at::Tensor, at::Tensor, float, int)’:
emd_cuda.cu:257:96: warning: ‘T* at::Tensor::data() const [with T = int]’ is deprecated: Tensor.data<T>() is deprecated. Please use Tensor.data_ptr<T>() instead. [-Wdeprecated-declarations]
   clear<<<1, batch_size>>>(batch_size, cnt_tmp.data<int>(), unass_cnt.data<int>());
                                                                                                ^
/home/DAVIDSON/hayavuzkara/.conda/envs/env1/lib/python3.7/site-packages/torch/include/ATen/core/TensorBody.h:238:1: note: declared here
   T * data() const {
 ^ ~~
emd_cuda.cu:257:121: warning: ‘T* at::Tensor::data() const [with T = int]’ is deprecated: Tensor.data<T>() is deprecated. Please use Tensor.data_ptr<T>() instead. [-Wdeprecated-declarations]
   clear<<<1, batch_size>>>(batch_size, cnt_tmp.data<int>(), unass_cnt.data<int>());
                                                                                                                         ^
/home/DAVIDSON/hayavuzkara/.conda/envs/env1/lib/python3.7/site-packages/torch/include/ATen/core/TensorBody.h:238:1: note: declared here
   T * data() const {
 ^ ~~
emd_cuda.cu:258:135: warning: ‘T* at::Tensor::data() const [with T = int]’ is deprecated: Tensor.data<T>() is deprecated. Please use Tensor.data_ptr<T>() instead. [-Wdeprecated-declarations]
   calc_unass_cnt<<<dim3(batch_size, n / 1024, 1), 1024>>>(batch_size, n, assignment.data<int>(), unass_cnt.data<int>());
                                                                                                                                       ^
/home/DAVIDSON/hayavuzkara/.conda/envs/env1/lib/python3.7/site-packages/torch/include/ATen/core/TensorBody.h:238:1: note: declared here
   T * data() const {
 ^ ~~
emd_cuda.cu:258:160: warning: ‘T* at::Tensor::data() const [with T = int]’ is deprecated: Tensor.data<T>() is deprecated. Please use Tensor.data_ptr<T>() instead. [-Wdeprecated-declarations]
   calc_unass_cnt<<<dim3(batch_size, n / 1024, 1), 1024>>>(batch_size, n, assignment.data<int>(), unass_cnt.data<int>());
                                                                                                                                                                ^
/home/DAVIDSON/hayavuzkara/.conda/envs/env1/lib/python3.7/site-packages/torch/include/ATen/core/TensorBody.h:238:1: note: declared here
   T * data() const {
 ^ ~~
emd_cuda.cu:259:111: warning: ‘T* at::Tensor::data() const [with T = int]’ is deprecated: Tensor.data<T>() is deprecated. Please use Tensor.data_ptr<T>() instead. [-Wdeprecated-declarations]
   calc_unass_cnt_sum<<<1, batch_size>>>(batch_size, unass_cnt.data<int>(), unass_cnt_sum.data<int>());
                                                                                                               ^
/home/DAVIDSON/hayavuzkara/.conda/envs/env1/lib/python3.7/site-packages/torch/include/ATen/core/TensorBody.h:238:1: note: declared here
   T * data() const {
 ^ ~~
emd_cuda.cu:259:140: warning: ‘T* at::Tensor::data() const [with T = int]’ is deprecated: Tensor.data<T>() is deprecated. Please use Tensor.data_ptr<T>() instead. [-Wdeprecated-declarations]
   calc_unass_cnt_sum<<<1, batch_size>>>(batch_size, unass_cnt.data<int>(), unass_cnt_sum.data<int>());
                                                                                                                                            ^
/home/DAVIDSON/hayavuzkara/.conda/envs/env1/lib/python3.7/site-packages/torch/include/ATen/core/TensorBody.h:238:1: note: declared here
   T * data() const {
 ^ ~~
emd_cuda.cu:260:135: warning: ‘T* at::Tensor::data() const [with T = int]’ is deprecated: Tensor.data<T>() is deprecated. Please use Tensor.data_ptr<T>() instead. [-Wdeprecated-declarations]
   calc_unass_idx<<<dim3(batch_size, n / 1024, 1), 1024>>>(batch_size, n, assignment.data<int>(), unass_idx.data<int>(), unass_cnt.data<int>(),
                                                                                                                                       ^
/home/DAVIDSON/hayavuzkara/.conda/envs/env1/lib/python3.7/site-packages/torch/include/ATen/core/TensorBody.h:238:1: note: declared here
   T * data() const {
 ^ ~~
emd_cuda.cu:260:160: warning: ‘T* at::Tensor::data() const [with T = int]’ is deprecated: Tensor.data<T>() is deprecated. Please use Tensor.data_ptr<T>() instead. [-Wdeprecated-declarations]
   calc_unass_idx<<<dim3(batch_size, n / 1024, 1), 1024>>>(batch_size, n, assignment.data<int>(), unass_idx.data<int>(), unass_cnt.data<int>(),
                                                                                                                                                                ^
/home/DAVIDSON/hayavuzkara/.conda/envs/env1/lib/python3.7/site-packages/torch/include/ATen/core/TensorBody.h:238:1: note: declared here
   T * data() const {
 ^ ~~
emd_cuda.cu:260:185: warning: ‘T* at::Tensor::data() const [with T = int]’ is deprecated: Tensor.data<T>() is deprecated. Please use Tensor.data_ptr<T>() instead. [-Wdeprecated-declarations]
   calc_unass_idx<<<dim3(batch_size, n / 1024, 1), 1024>>>(batch_size, n, assignment.data<int>(), unass_idx.data<int>(), unass_cnt.data<int>(),
                                                                                                                                                                                         ^
/home/DAVIDSON/hayavuzkara/.conda/envs/env1/lib/python3.7/site-packages/torch/include/ATen/core/TensorBody.h:238:1: note: declared here
   T * data() const {
 ^ ~~
emd_cuda.cu:260:214: warning: ‘T* at::Tensor::data() const [with T = int]’ is deprecated: Tensor.data<T>() is deprecated. Please use Tensor.data_ptr<T>() instead. [-Wdeprecated-declarations]
   calc_unass_idx<<<dim3(batch_size, n / 1024, 1), 1024>>>(batch_size, n, assignment.data<int>(), unass_idx.data<int>(), unass_cnt.data<int>(),
                                                                                                                                                                                                                      ^
/home/DAVIDSON/hayavuzkara/.conda/envs/env1/lib/python3.7/site-packages/torch/include/ATen/core/TensorBody.h:238:1: note: declared here
   T * data() const {
 ^ ~~
emd_cuda.cu:260:237: warning: ‘T* at::Tensor::data() const [with T = int]’ is deprecated: Tensor.data<T>() is deprecated. Please use Tensor.data_ptr<T>() instead. [-Wdeprecated-declarations]
   calc_unass_idx<<<dim3(batch_size, n / 1024, 1), 1024>>>(batch_size, n, assignment.data<int>(), unass_idx.data<int>(), unass_cnt.data<int>(),
                                                                                                                                                                                                                                             ^
/home/DAVIDSON/hayavuzkara/.conda/envs/env1/lib/python3.7/site-packages/torch/include/ATen/core/TensorBody.h:238:1: note: declared here
   T * data() const {
 ^ ~~
emd_cuda.cu:262:120: warning: ‘T* at::Tensor::data() const [with T = float]’ is deprecated: Tensor.data<T>() is deprecated. Please use Tensor.data_ptr<T>() instead. [-Wdeprecated-declarations]
   Bid<<<dim3(batch_size, n / 1024, 1), 1024>>>(batch_size, n, xyz1.data<float>(), xyz2.data<float>(), eps, assignment.data<int>(), assignment_inv.data<int>(),
                                                                                                                        ^
/home/DAVIDSON/hayavuzkara/.conda/envs/env1/lib/python3.7/site-packages/torch/include/ATen/core/TensorBody.h:238:1: note: declared here
   T * data() const {
 ^ ~~
emd_cuda.cu:262:142: warning: ‘T* at::Tensor::data() const [with T = float]’ is deprecated: Tensor.data<T>() is deprecated. Please use Tensor.data_ptr<T>() instead. [-Wdeprecated-declarations]
   Bid<<<dim3(batch_size, n / 1024, 1), 1024>>>(batch_size, n, xyz1.data<float>(), xyz2.data<float>(), eps, assignment.data<int>(), assignment_inv.data<int>(),
                                                                                                                                              ^
/home/DAVIDSON/hayavuzkara/.conda/envs/env1/lib/python3.7/site-packages/torch/include/ATen/core/TensorBody.h:238:1: note: declared here
   T * data() const {
 ^ ~~
emd_cuda.cu:262:173: warning: ‘T* at::Tensor::data() const [with T = int]’ is deprecated: Tensor.data<T>() is deprecated. Please use Tensor.data_ptr<T>() instead. [-Wdeprecated-declarations]
   Bid<<<dim3(batch_size, n / 1024, 1), 1024>>>(batch_size, n, xyz1.data<float>(), xyz2.data<float>(), eps, assignment.data<int>(), assignment_inv.data<int>(),
                                                                                                                                                                             ^
/home/DAVIDSON/hayavuzkara/.conda/envs/env1/lib/python3.7/site-packages/torch/include/ATen/core/TensorBody.h:238:1: note: declared here
   T * data() const {
 ^ ~~
emd_cuda.cu:262:203: warning: ‘T* at::Tensor::data() const [with T = int]’ is deprecated: Tensor.data<T>() is deprecated. Please use Tensor.data_ptr<T>() instead. [-Wdeprecated-declarations]
   Bid<<<dim3(batch_size, n / 1024, 1), 1024>>>(batch_size, n, xyz1.data<float>(), xyz2.data<float>(), eps, assignment.data<int>(), assignment_inv.data<int>(),
                                                                                                                                                                                                           ^
/home/DAVIDSON/hayavuzkara/.conda/envs/env1/lib/python3.7/site-packages/torch/include/ATen/core/TensorBody.h:238:1: note: declared here
   T * data() const {
 ^ ~~
emd_cuda.cu:262:226: warning: ‘T* at::Tensor::data() const [with T = float]’ is deprecated: Tensor.data<T>() is deprecated. Please use Tensor.data_ptr<T>() instead. [-Wdeprecated-declarations]
   Bid<<<dim3(batch_size, n / 1024, 1), 1024>>>(batch_size, n, xyz1.data<float>(), xyz2.data<float>(), eps, assignment.data<int>(), assignment_inv.data<int>(),
                                                                                                                                                                                                                                  ^
/home/DAVIDSON/hayavuzkara/.conda/envs/env1/lib/python3.7/site-packages/torch/include/ATen/core/TensorBody.h:238:1: note: declared here
   T * data() const {
 ^ ~~
emd_cuda.cu:262:245: warning: ‘T* at::Tensor::data() const [with T = int]’ is deprecated: Tensor.data<T>() is deprecated. Please use Tensor.data_ptr<T>() instead. [-Wdeprecated-declarations]
   Bid<<<dim3(batch_size, n / 1024, 1), 1024>>>(batch_size, n, xyz1.data<float>(), xyz2.data<float>(), eps, assignment.data<int>(), assignment_inv.data<int>(),
                                                                                                                                                                                                                                                     ^
/home/DAVIDSON/hayavuzkara/.conda/envs/env1/lib/python3.7/site-packages/torch/include/ATen/core/TensorBody.h:238:1: note: declared here
   T * data() const {
 ^ ~~
emd_cuda.cu:262:277: warning: ‘T* at::Tensor::data() const [with T = float]’ is deprecated: Tensor.data<T>() is deprecated. Please use Tensor.data_ptr<T>() instead. [-Wdeprecated-declarations]
   Bid<<<dim3(batch_size, n / 1024, 1), 1024>>>(batch_size, n, xyz1.data<float>(), xyz2.data<float>(), eps, assignment.data<int>(), assignment_inv.data<int>(),
                                                                                                                                                                                                                                                                                     ^
/home/DAVIDSON/hayavuzkara/.conda/envs/env1/lib/python3.7/site-packages/torch/include/ATen/core/TensorBody.h:238:1: note: declared here
   T * data() const {
 ^ ~~
emd_cuda.cu:262:309: warning: ‘T* at::Tensor::data() const [with T = float]’ is deprecated: Tensor.data<T>() is deprecated. Please use Tensor.data_ptr<T>() instead. [-Wdeprecated-declarations]
   Bid<<<dim3(batch_size, n / 1024, 1), 1024>>>(batch_size, n, xyz1.data<float>(), xyz2.data<float>(), eps, assignment.data<int>(), assignment_inv.data<int>(),
                                                                                                                                                                                                                                                                                                                     ^
/home/DAVIDSON/hayavuzkara/.conda/envs/env1/lib/python3.7/site-packages/torch/include/ATen/core/TensorBody.h:238:1: note: declared here
   T * data() const {
 ^ ~~
emd_cuda.cu:262:334: warning: ‘T* at::Tensor::data() const [with T = int]’ is deprecated: Tensor.data<T>() is deprecated. Please use Tensor.data_ptr<T>() instead. [-Wdeprecated-declarations]
   Bid<<<dim3(batch_size, n / 1024, 1), 1024>>>(batch_size, n, xyz1.data<float>(), xyz2.data<float>(), eps, assignment.data<int>(), assignment_inv.data<int>(),
                                                                                                                                                                                                                                                                                                                                              ^
/home/DAVIDSON/hayavuzkara/.conda/envs/env1/lib/python3.7/site-packages/torch/include/ATen/core/TensorBody.h:238:1: note: declared here
   T * data() const {
 ^ ~~
emd_cuda.cu:262:363: warning: ‘T* at::Tensor::data() const [with T = int]’ is deprecated: Tensor.data<T>() is deprecated. Please use Tensor.data_ptr<T>() instead. [-Wdeprecated-declarations]
   Bid<<<dim3(batch_size, n / 1024, 1), 1024>>>(batch_size, n, xyz1.data<float>(), xyz2.data<float>(), eps, assignment.data<int>(), assignment_inv.data<int>(),
                                                                                                                                                                                                                                                                                                                                                                           ^
/home/DAVIDSON/hayavuzkara/.conda/envs/env1/lib/python3.7/site-packages/torch/include/ATen/core/TensorBody.h:238:1: note: declared here
   T * data() const {
 ^ ~~
emd_cuda.cu:262:388: warning: ‘T* at::Tensor::data() const [with T = int]’ is deprecated: Tensor.data<T>() is deprecated. Please use Tensor.data_ptr<T>() instead. [-Wdeprecated-declarations]
   Bid<<<dim3(batch_size, n / 1024, 1), 1024>>>(batch_size, n, xyz1.data<float>(), xyz2.data<float>(), eps, assignment.data<int>(), assignment_inv.data<int>(),
                                                                                                                                                                                                                                                                                                                                                                                                    ^
/home/DAVIDSON/hayavuzkara/.conda/envs/env1/lib/python3.7/site-packages/torch/include/ATen/core/TensorBody.h:238:1: note: declared here
   T * data() const {
 ^ ~~
emd_cuda.cu:265:127: warning: ‘T* at::Tensor::data() const [with T = int]’ is deprecated: Tensor.data<T>() is deprecated. Please use Tensor.data_ptr<T>() instead. [-Wdeprecated-declarations]
   GetMax<<<dim3(batch_size, n / 1024, 1), 1024>>>(batch_size, n, assignment.data<int>(), bid.data<int>(), bid_increments.data<float>(), max_increments.data<float>(), max_idx.data<int>());
                                                                                                                               ^
/home/DAVIDSON/hayavuzkara/.conda/envs/env1/lib/python3.7/site-packages/torch/include/ATen/core/TensorBody.h:238:1: note: declared here
   T * data() const {
 ^ ~~
emd_cuda.cu:265:146: warning: ‘T* at::Tensor::data() const [with T = int]’ is deprecated: Tensor.data<T>() is deprecated. Please use Tensor.data_ptr<T>() instead. [-Wdeprecated-declarations]
   GetMax<<<dim3(batch_size, n / 1024, 1), 1024>>>(batch_size, n, assignment.data<int>(), bid.data<int>(), bid_increments.data<float>(), max_increments.data<float>(), max_idx.data<int>());
                                                                                                                                                  ^
/home/DAVIDSON/hayavuzkara/.conda/envs/env1/lib/python3.7/site-packages/torch/include/ATen/core/TensorBody.h:238:1: note: declared here
   T * data() const {
 ^ ~~
emd_cuda.cu:265:178: warning: ‘T* at::Tensor::data() const [with T = float]’ is deprecated: Tensor.data<T>() is deprecated. Please use Tensor.data_ptr<T>() instead. [-Wdeprecated-declarations]
   GetMax<<<dim3(batch_size, n / 1024, 1), 1024>>>(batch_size, n, assignment.data<int>(), bid.data<int>(), bid_increments.data<float>(), max_increments.data<float>(), max_idx.data<int>());
                                                                                                                                                                                  ^
/home/DAVIDSON/hayavuzkara/.conda/envs/env1/lib/python3.7/site-packages/torch/include/ATen/core/TensorBody.h:238:1: note: declared here
   T * data() const {
 ^ ~~
emd_cuda.cu:265:210: warning: ‘T* at::Tensor::data() const [with T = float]’ is deprecated: Tensor.data<T>() is deprecated. Please use Tensor.data_ptr<T>() instead. [-Wdeprecated-declarations]
   GetMax<<<dim3(batch_size, n / 1024, 1), 1024>>>(batch_size, n, assignment.data<int>(), bid.data<int>(), bid_increments.data<float>(), max_increments.data<float>(), max_idx.data<int>());
                                                                                                                                                                                                                  ^
/home/DAVIDSON/hayavuzkara/.conda/envs/env1/lib/python3.7/site-packages/torch/include/ATen/core/TensorBody.h:238:1: note: declared here
   T * data() const {
 ^ ~~
emd_cuda.cu:265:233: warning: ‘T* at::Tensor::data() const [with T = int]’ is deprecated: Tensor.data<T>() is deprecated. Please use Tensor.data_ptr<T>() instead. [-Wdeprecated-declarations]
   GetMax<<<dim3(batch_size, n / 1024, 1), 1024>>>(batch_size, n, assignment.data<int>(), bid.data<int>(), bid_increments.data<float>(), max_increments.data<float>(), max_idx.data<int>());
                                                                                                                                                                                                                                         ^
/home/DAVIDSON/hayavuzkara/.conda/envs/env1/lib/python3.7/site-packages/torch/include/ATen/core/TensorBody.h:238:1: note: declared here
   T * data() const {
 ^ ~~
emd_cuda.cu:266:127: warning: ‘T* at::Tensor::data() const [with T = int]’ is deprecated: Tensor.data<T>() is deprecated. Please use Tensor.data_ptr<T>() instead. [-Wdeprecated-declarations]
   Assign<<<dim3(batch_size, n / 1024, 1), 1024>>>(batch_size, n, assignment.data<int>(), assignment_inv.data<int>(), price.data<float>(), bid.data<int>(),
                                                                                                                               ^
/home/DAVIDSON/hayavuzkara/.conda/envs/env1/lib/python3.7/site-packages/torch/include/ATen/core/TensorBody.h:238:1: note: declared here
   T * data() const {
 ^ ~~
emd_cuda.cu:266:157: warning: ‘T* at::Tensor::data() const [with T = int]’ is deprecated: Tensor.data<T>() is deprecated. Please use Tensor.data_ptr<T>() instead. [-Wdeprecated-declarations]
   Assign<<<dim3(batch_size, n / 1024, 1), 1024>>>(batch_size, n, assignment.data<int>(), assignment_inv.data<int>(), price.data<float>(), bid.data<int>(),
                                                                                                                                                             ^
/home/DAVIDSON/hayavuzkara/.conda/envs/env1/lib/python3.7/site-packages/torch/include/ATen/core/TensorBody.h:238:1: note: declared here
   T * data() const {
 ^ ~~
emd_cuda.cu:266:180: warning: ‘T* at::Tensor::data() const [with T = float]’ is deprecated: Tensor.data<T>() is deprecated. Please use Tensor.data_ptr<T>() instead. [-Wdeprecated-declarations]
   Assign<<<dim3(batch_size, n / 1024, 1), 1024>>>(batch_size, n, assignment.data<int>(), assignment_inv.data<int>(), price.data<float>(), bid.data<int>(),
                                                                                                                                                                                    ^
/home/DAVIDSON/hayavuzkara/.conda/envs/env1/lib/python3.7/site-packages/torch/include/ATen/core/TensorBody.h:238:1: note: declared here
   T * data() const {
 ^ ~~
emd_cuda.cu:266:199: warning: ‘T* at::Tensor::data() const [with T = int]’ is deprecated: Tensor.data<T>() is deprecated. Please use Tensor.data_ptr<T>() instead. [-Wdeprecated-declarations]
   Assign<<<dim3(batch_size, n / 1024, 1), 1024>>>(batch_size, n, assignment.data<int>(), assignment_inv.data<int>(), price.data<float>(), bid.data<int>(),
                                                                                                                                                                                                       ^
/home/DAVIDSON/hayavuzkara/.conda/envs/env1/lib/python3.7/site-packages/torch/include/ATen/core/TensorBody.h:238:1: note: declared here
   T * data() const {
 ^ ~~
emd_cuda.cu:266:231: warning: ‘T* at::Tensor::data() const [with T = float]’ is deprecated: Tensor.data<T>() is deprecated. Please use Tensor.data_ptr<T>() instead. [-Wdeprecated-declarations]
   Assign<<<dim3(batch_size, n / 1024, 1), 1024>>>(batch_size, n, assignment.data<int>(), assignment_inv.data<int>(), price.data<float>(), bid.data<int>(),
                                                                                                                                                                                                                                       ^
/home/DAVIDSON/hayavuzkara/.conda/envs/env1/lib/python3.7/site-packages/torch/include/ATen/core/TensorBody.h:238:1: note: declared here
   T * data() const {
 ^ ~~
emd_cuda.cu:266:263: warning: ‘T* at::Tensor::data() const [with T = float]’ is deprecated: Tensor.data<T>() is deprecated. Please use Tensor.data_ptr<T>() instead. [-Wdeprecated-declarations]
   Assign<<<dim3(batch_size, n / 1024, 1), 1024>>>(batch_size, n, assignment.data<int>(), assignment_inv.data<int>(), price.data<float>(), bid.data<int>(),
                                                                                                                                                                                                                                                                       ^
/home/DAVIDSON/hayavuzkara/.conda/envs/env1/lib/python3.7/site-packages/torch/include/ATen/core/TensorBody.h:238:1: note: declared here
   T * data() const {
 ^ ~~
emd_cuda.cu:266:286: warning: ‘T* at::Tensor::data() const [with T = int]’ is deprecated: Tensor.data<T>() is deprecated. Please use Tensor.data_ptr<T>() instead. [-Wdeprecated-declarations]
   Assign<<<dim3(batch_size, n / 1024, 1), 1024>>>(batch_size, n, assignment.data<int>(), assignment_inv.data<int>(), price.data<float>(), bid.data<int>(),
                                                                                                                                                                                                                                                                                              ^
/home/DAVIDSON/hayavuzkara/.conda/envs/env1/lib/python3.7/site-packages/torch/include/ATen/core/TensorBody.h:238:1: note: declared here
   T * data() const {
 ^ ~~
emd_cuda.cu:269:125: warning: ‘T* at::Tensor::data() const [with T = float]’ is deprecated: Tensor.data<T>() is deprecated. Please use Tensor.data_ptr<T>() instead. [-Wdeprecated-declarations]
  CalcDist<<<dim3(batch_size, n / 1024, 1), 1024>>>(batch_size, n, xyz1.data<float>(), xyz2.data<float>(), dist.data<float>(), assignment.data<int>());
                                                                                                                             ^
/home/DAVIDSON/hayavuzkara/.conda/envs/env1/lib/python3.7/site-packages/torch/include/ATen/core/TensorBody.h:238:1: note: declared here
   T * data() const {
 ^ ~~
emd_cuda.cu:269:147: warning: ‘T* at::Tensor::data() const [with T = float]’ is deprecated: Tensor.data<T>() is deprecated. Please use Tensor.data_ptr<T>() instead. [-Wdeprecated-declarations]
  CalcDist<<<dim3(batch_size, n / 1024, 1), 1024>>>(batch_size, n, xyz1.data<float>(), xyz2.data<float>(), dist.data<float>(), assignment.data<int>());
                                                                                                                                                   ^
/home/DAVIDSON/hayavuzkara/.conda/envs/env1/lib/python3.7/site-packages/torch/include/ATen/core/TensorBody.h:238:1: note: declared here
   T * data() const {
 ^ ~~
emd_cuda.cu:269:169: warning: ‘T* at::Tensor::data() const [with T = float]’ is deprecated: Tensor.data<T>() is deprecated. Please use Tensor.data_ptr<T>() instead. [-Wdeprecated-declarations]
  CalcDist<<<dim3(batch_size, n / 1024, 1), 1024>>>(batch_size, n, xyz1.data<float>(), xyz2.data<float>(), dist.data<float>(), assignment.data<int>());
                                                                                                                                                                         ^
/home/DAVIDSON/hayavuzkara/.conda/envs/env1/lib/python3.7/site-packages/torch/include/ATen/core/TensorBody.h:238:1: note: declared here
   T * data() const {
 ^ ~~
emd_cuda.cu:269:195: warning: ‘T* at::Tensor::data() const [with T = int]’ is deprecated: Tensor.data<T>() is deprecated. Please use Tensor.data_ptr<T>() instead. [-Wdeprecated-declarations]
  CalcDist<<<dim3(batch_size, n / 1024, 1), 1024>>>(batch_size, n, xyz1.data<float>(), xyz2.data<float>(), dist.data<float>(), assignment.data<int>());
                                                                                                                                                                                                   ^
/home/DAVIDSON/hayavuzkara/.conda/envs/env1/lib/python3.7/site-packages/torch/include/ATen/core/TensorBody.h:238:1: note: declared here
   T * data() const {
 ^ ~~
emd_cuda.cu: In function ‘int emd_cuda_backward(at::Tensor, at::Tensor, at::Tensor, at::Tensor, at::Tensor)’:
emd_cuda.cu:307:137: warning: ‘T* at::Tensor::data() const [with T = float]’ is deprecated: Tensor.data<T>() is deprecated. Please use Tensor.data_ptr<T>() instead. [-Wdeprecated-declarations]
  NmDistanceGradKernel<<<dim3(batch_size, n / 1024, 1), 1024>>>(batch_size, n, xyz1.data<float>(), xyz2.data<float>(), graddist.data<float>(), idx.data<int>(), gradxyz.data<float>());
                                                                                                                                         ^
/home/DAVIDSON/hayavuzkara/.conda/envs/env1/lib/python3.7/site-packages/torch/include/ATen/core/TensorBody.h:238:1: note: declared here
   T * data() const {
 ^ ~~
emd_cuda.cu:307:159: warning: ‘T* at::Tensor::data() const [with T = float]’ is deprecated: Tensor.data<T>() is deprecated. Please use Tensor.data_ptr<T>() instead. [-Wdeprecated-declarations]
  NmDistanceGradKernel<<<dim3(batch_size, n / 1024, 1), 1024>>>(batch_size, n, xyz1.data<float>(), xyz2.data<float>(), graddist.data<float>(), idx.data<int>(), gradxyz.data<float>());
                                                                                                                                                               ^
/home/DAVIDSON/hayavuzkara/.conda/envs/env1/lib/python3.7/site-packages/torch/include/ATen/core/TensorBody.h:238:1: note: declared here
   T * data() const {
 ^ ~~
emd_cuda.cu:307:185: warning: ‘T* at::Tensor::data() const [with T = float]’ is deprecated: Tensor.data<T>() is deprecated. Please use Tensor.data_ptr<T>() instead. [-Wdeprecated-declarations]
  NmDistanceGradKernel<<<dim3(batch_size, n / 1024, 1), 1024>>>(batch_size, n, xyz1.data<float>(), xyz2.data<float>(), graddist.data<float>(), idx.data<int>(), gradxyz.data<float>());
                                                                                                                                                                                         ^
/home/DAVIDSON/hayavuzkara/.conda/envs/env1/lib/python3.7/site-packages/torch/include/ATen/core/TensorBody.h:238:1: note: declared here
   T * data() const {
 ^ ~~
emd_cuda.cu:307:204: warning: ‘T* at::Tensor::data() const [with T = int]’ is deprecated: Tensor.data<T>() is deprecated. Please use Tensor.data_ptr<T>() instead. [-Wdeprecated-declarations]
  NmDistanceGradKernel<<<dim3(batch_size, n / 1024, 1), 1024>>>(batch_size, n, xyz1.data<float>(), xyz2.data<float>(), graddist.data<float>(), idx.data<int>(), gradxyz.data<float>());
                                                                                                                                                                                                            ^
/home/DAVIDSON/hayavuzkara/.conda/envs/env1/lib/python3.7/site-packages/torch/include/ATen/core/TensorBody.h:238:1: note: declared here
   T * data() const {
 ^ ~~
emd_cuda.cu:307:229: warning: ‘T* at::Tensor::data() const [with T = float]’ is deprecated: Tensor.data<T>() is deprecated. Please use Tensor.data_ptr<T>() instead. [-Wdeprecated-declarations]
  NmDistanceGradKernel<<<dim3(batch_size, n / 1024, 1), 1024>>>(batch_size, n, xyz1.data<float>(), xyz2.data<float>(), graddist.data<float>(), idx.data<int>(), gradxyz.data<float>());
                                                                                                                                                                                                                                     ^
/home/DAVIDSON/hayavuzkara/.conda/envs/env1/lib/python3.7/site-packages/torch/include/ATen/core/TensorBody.h:238:1: note: declared here
   T * data() const {
 ^ ~~
